<?xml version="1.0" encoding="UTF-8"?>
<!-- Generated by org.testng.reporters.JUnitXMLReporter -->
<testsuite ignored="0" hostname="Win10Pro" failures="0" tests="3" name="Run on COCCOC" time="0.078" errors="0" timestamp="25 Sep 2021 09:16:47 GMT">
  <testcase classname="com.nopcommerce.user.Level_04_Register_Login_Multiple_Browser" name="@BeforeClass beforeClass" time="0.025">
    <failure type="java.lang.RuntimeException" message="Browser name is not correct">
      <![CDATA[java.lang.RuntimeException: Browser name is not correct
at commons.BaseTest.getBrowserName(BaseTest.java:28)
at com.nopcommerce.user.Level_04_Register_Login_Multiple_Browser.beforeClass(Level_04_Register_Login_Multiple_Browser.java:30)
... Removed 26 stack frames]]>
    </failure>
  </testcase> <!-- @BeforeClass beforeClass -->
  <testcase classname="com.nopcommerce.user.Level_04_Register_Login_Multiple_Browser" name="@AfterTest afterclass" time="0.0">
    <skipped/>
  </testcase> <!-- @AfterTest afterclass -->
  <testcase classname="com.nopcommerce.user.Level_04_Register_Login_Multiple_Browser" name="TC_01_Register" time="0.0">
    <skipped/>
  </testcase> <!-- TC_01_Register -->
  <testcase classname="com.nopcommerce.user.Level_04_Register_Login_Multiple_Browser" name="TC_02_Login" time="0.0">
    <skipped/>
  </testcase> <!-- TC_02_Login -->
  <testcase classname="com.nopcommerce.user.Level_04_Register_Login_Multiple_Browser" name="TC_03_My_Account" time="0.0">
    <skipped/>
  </testcase> <!-- TC_03_My_Account -->
</testsuite> <!-- Run on COCCOC -->
