<?xml version="1.0" encoding="UTF-8"?>
<!-- Generated by org.testng.reporters.JUnitXMLReporter -->
<testsuite ignored="0" hostname="Win10Pro" failures="0" tests="2" name="Run on EDGE" time="0.086" errors="0" timestamp="20 Nov 2021 18:43:37 GMT">
  <testcase classname="com.nopcommerce.user.Level_13_Register_Login_Log_Report" name="@BeforeClass beforeClass" time="0.022">
    <failure type="java.lang.IllegalArgumentException" message="No enum constant commons.Browser.EDGE_CHROMENIUM">
      <![CDATA[java.lang.IllegalArgumentException: No enum constant commons.Browser.EDGE_CHROMENIUM
at java.base/java.lang.Enum.valueOf(Enum.java:273)
at commons.Browser.valueOf(Browser.java:1)
at commons.BaseTest.getBrowserName(BaseTest.java:29)
at com.nopcommerce.user.Level_13_Register_Login_Log_Report.beforeClass(Level_13_Register_Login_Log_Report.java:28)
at java.base/java.util.concurrent.FutureTask.run(FutureTask.java:264)
at java.base/java.util.concurrent.ThreadPoolExecutor.runWorker(ThreadPoolExecutor.java:1130)
at java.base/java.util.concurrent.ThreadPoolExecutor$Worker.run(ThreadPoolExecutor.java:630)
at java.base/java.lang.Thread.run(Thread.java:832)
... Removed 17 stack frames]]>
    </failure>
  </testcase> <!-- @BeforeClass beforeClass -->
  <testcase classname="com.nopcommerce.user.Level_13_Register_Login_Log_Report" name="@AfterTest afterclass" time="0.0">
    <skipped/>
  </testcase> <!-- @AfterTest afterclass -->
  <testcase classname="com.nopcommerce.user.Level_13_Register_Login_Log_Report" name="TC_01_Register" time="0.0">
    <skipped/>
  </testcase> <!-- TC_01_Register -->
  <testcase classname="com.nopcommerce.user.Level_13_Register_Login_Log_Report" name="TC_02_Login" time="0.0">
    <skipped/>
  </testcase> <!-- TC_02_Login -->
</testsuite> <!-- Run on EDGE -->
