<?xml version="1.0" encoding="UTF-8"?>
<!-- Generated by org.testng.reporters.JUnitXMLReporter -->
<testsuite ignored="0" hostname="Win10Pro" failures="0" tests="3" name="Run on COC COC" time="23.433" errors="0" timestamp="27 Sep 2021 02:12:39 GMT">
  <testcase classname="com.nopcommerce.user.Level_04_Register_Login_Multiple_Browser" name="TC_01_Register" time="8.975"/>
  <testcase classname="com.nopcommerce.user.Level_04_Register_Login_Multiple_Browser" name="TC_02_Login" time="3.448"/>
  <testcase classname="com.nopcommerce.user.Level_04_Register_Login_Multiple_Browser" name="TC_03_My_Account" time="4.152"/>
</testsuite> <!-- Run on COC COC -->
