<?xml version="1.0" encoding="UTF-8"?>
<!-- Generated by org.testng.reporters.JUnitXMLReporter -->
<testsuite ignored="0" hostname="Win10Pro" failures="0" tests="3" name="Run on CỐC CỐC" time="24.77" errors="0" timestamp="25 Sep 2021 09:20:27 GMT">
  <testcase classname="com.nopcommerce.user.Level_04_Register_Login_Multiple_Browser" name="TC_01_Register" time="8.873"/>
  <testcase classname="com.nopcommerce.user.Level_04_Register_Login_Multiple_Browser" name="TC_02_Login" time="3.413"/>
  <testcase classname="com.nopcommerce.user.Level_04_Register_Login_Multiple_Browser" name="TC_03_My_Account" time="5.906"/>
</testsuite> <!-- Run on CỐC CỐC -->
